[09:31:22.639] Global cache location '/home/ts/.cache/typescript/4.2', safe file path '/home/ts/.emacs.d/.cache/lsp/npm/typescript/lib/node_modules/typescript/lib/typingSafeList.json', types map path /home/ts/.emacs.d/.cache/lsp/npm/typescript/lib/node_modules/typescript/lib/typesMap.json
[09:31:22.640] Processing cache location '/home/ts/.cache/typescript/4.2'
[09:31:22.640] Trying to find '/home/ts/.cache/typescript/4.2/package.json'...
[09:31:22.642] Loaded content of '/home/ts/.cache/typescript/4.2/package.json': {"private":true,"dependencies":{"types-registry":"^0.1.541"},"devDependencies":{"@types/history":"^4.7.8","@types/hoist-non-react-statics":"^3.3.1","@types/react":"^17.0.5","@types/react-is":"^17.0.0","@types/react-redux":"^7.1.16","@types/react-router":"^5.1.14","@types/react-router-dom":"^5.1.7"}}
[09:31:22.642] Loaded content of '/home/ts/.cache/typescript/4.2/package-lock.json'
[09:31:22.657] Adding entry into typings cache: 'history' => '/home/ts/.cache/typescript/4.2/node_modules/@types/history/index.d.ts'
[09:31:22.663] Adding entry into typings cache: 'hoist-non-react-statics' => '/home/ts/.cache/typescript/4.2/node_modules/@types/hoist-non-react-statics/index.d.ts'
[09:31:22.670] Adding entry into typings cache: 'react' => '/home/ts/.cache/typescript/4.2/node_modules/@types/react/index.d.ts'
[09:31:22.675] Adding entry into typings cache: 'react-is' => '/home/ts/.cache/typescript/4.2/node_modules/@types/react-is/index.d.ts'
[09:31:22.681] Adding entry into typings cache: 'react-redux' => '/home/ts/.cache/typescript/4.2/node_modules/@types/react-redux/index.d.ts'
[09:31:22.690] Adding entry into typings cache: 'react-router' => '/home/ts/.cache/typescript/4.2/node_modules/@types/react-router/index.d.ts'
[09:31:22.693] Adding entry into typings cache: 'react-router-dom' => '/home/ts/.cache/typescript/4.2/node_modules/@types/react-router-dom/index.d.ts'
[09:31:22.694] Finished processing cache location '/home/ts/.cache/typescript/4.2'
[09:31:22.694] Process id: 13246
[09:31:22.694] NPM location: /usr/bin/npm (explicit '--npmLocation' not  provided)
[09:31:22.694] validateDefaultNpmLocation: false
[09:31:22.694] Npm config file: /home/ts/.cache/typescript/4.2/package.json
[09:31:22.695] Updating types-registry npm package...
[09:31:22.695] Exec: /usr/bin/npm install --ignore-scripts types-registry@latest
[09:31:25.564]     Succeeded. stdout:
    
    changed 1 package, and audited 17 packages in 3s

found 0 vulnerabilities

[09:31:25.564] Updated types-registry npm package
[09:31:25.587] Got install request {"projectName":"/dev/null/inferredProject1*","fileNames":["/home/ts/.emacs.d/.cache/lsp/npm/typescript/lib/node_modules/typescript/lib/lib.es5.d.ts","/home/ts/.emacs.d/.cache/lsp/npm/typescript/lib/node_modules/typescript/lib/lib.es2015.d.ts","/home/ts/.emacs.d/.cache/lsp/npm/typescript/lib/node_modules/typescript/lib/lib.es2016.d.ts","/home/ts/.emacs.d/.cache/lsp/npm/typescript/lib/node_modules/typescript/lib/lib.dom.d.ts","/home/ts/.emacs.d/.cache/lsp/npm/typescript/lib/node_modules/typescript/lib/lib.dom.iterable.d.ts","/home/ts/.emacs.d/.cache/lsp/npm/typescript/lib/node_modules/typescript/lib/lib.webworker.importscripts.d.ts","/home/ts/.emacs.d/.cache/lsp/npm/typescript/lib/node_modules/typescript/lib/lib.scripthost.d.ts","/home/ts/.emacs.d/.cache/lsp/npm/typescript/lib/node_modules/typescript/lib/lib.es2015.core.d.ts","/home/ts/.emacs.d/.cache/lsp/npm/typescript/lib/node_modules/typescript/lib/lib.es2015.collection.d.ts","/home/ts/.emacs.d/.cache/lsp/npm/typescript/lib/node_modules/typescript/lib/lib.es2015.generator.d.ts","/home/ts/.emacs.d/.cache/lsp/npm/typescript/lib/node_modules/typescript/lib/lib.es2015.iterable.d.ts","/home/ts/.emacs.d/.cache/lsp/npm/typescript/lib/node_modules/typescript/lib/lib.es2015.promise.d.ts","/home/ts/.emacs.d/.cache/lsp/npm/typescript/lib/node_modules/typescript/lib/lib.es2015.proxy.d.ts","/home/ts/.emacs.d/.cache/lsp/npm/typescript/lib/node_modules/typescript/lib/lib.es2015.reflect.d.ts","/home/ts/.emacs.d/.cache/lsp/npm/typescript/lib/node_modules/typescript/lib/lib.es2015.symbol.d.ts","/home/ts/.emacs.d/.cache/lsp/npm/typescript/lib/node_modules/typescript/lib/lib.es2015.symbol.wellknown.d.ts","/home/ts/.emacs.d/.cache/lsp/npm/typescript/lib/node_modules/typescript/lib/lib.es2016.array.include.d.ts","/home/ts/.emacs.d/.cache/lsp/npm/typescript/lib/node_modules/typescript/lib/lib.es2016.full.d.ts","/home/ts/projects/cpptest/implementation/commands.json"],"compilerOptions":{"module":1,"target":3,"jsx":1,"allowJs":true,"allowSyntheticDefaultImports":true,"allowNonTsExtensions":true,"noEmitForJsFiles":true},"typeAcquisition":{"enable":true,"include":[],"exclude":[]},"unresolvedImports":[],"projectRootPath":"/home/ts/projects/cpptest/implementation","kind":"discover"}
[09:31:25.609] Loaded safelist from types map file '/home/ts/.emacs.d/.cache/lsp/npm/typescript/lib/node_modules/typescript/lib/typesMap.json'
[09:31:25.609] Explicitly included types: []
[09:31:25.610] Inferred typings from unresolved imports: []
[09:31:25.610] Result: {"cachedTypingPaths":[],"newTypingNames":[],"filesToWatch":["/home/ts/projects/cpptest/implementation/bower_components","/home/ts/projects/cpptest/implementation/node_modules"]}
[09:31:25.610] Finished typings discovery: {"cachedTypingPaths":[],"newTypingNames":[],"filesToWatch":["/home/ts/projects/cpptest/implementation/bower_components","/home/ts/projects/cpptest/implementation/node_modules"]}
[09:31:25.610] DirectoryWatcher:: Added:: WatchInfo: /home/ts/projects/cpptest/implementation/bower_components
[09:31:25.611] DirectoryWatcher:: Added:: WatchInfo: /home/ts/projects/cpptest/implementation/bower_components 1 undefined Project: /dev/null/inferredProject1* watcher already invoked: false
[09:31:25.613] Elapsed:: 1.6280759999062866ms DirectoryWatcher:: Added:: WatchInfo: /home/ts/projects/cpptest/implementation/bower_components 1 undefined Project: /dev/null/inferredProject1* watcher already invoked: false
[09:31:25.613] DirectoryWatcher:: Added:: WatchInfo: /home/ts/projects/cpptest/implementation/node_modules
[09:31:25.613] DirectoryWatcher:: Added:: WatchInfo: /home/ts/projects/cpptest/implementation/node_modules 1 undefined Project: /dev/null/inferredProject1* watcher already invoked: false
[09:31:25.613] Elapsed:: 0.10957799991592765ms DirectoryWatcher:: Added:: WatchInfo: /home/ts/projects/cpptest/implementation/node_modules 1 undefined Project: /dev/null/inferredProject1* watcher already invoked: false
[09:31:25.613] Sending response:
    {"projectName":"/dev/null/inferredProject1*","typeAcquisition":{"enable":true,"include":[],"exclude":[]},"compilerOptions":{"module":1,"target":3,"jsx":1,"allowJs":true,"allowSyntheticDefaultImports":true,"allowNonTsExtensions":true,"noEmitForJsFiles":true},"typings":[],"unresolvedImports":[],"kind":"action::set"}
[09:31:25.614] Response has been sent.
[09:31:25.614] No new typings were requested as a result of typings discovery
[09:33:00.546] Got install request {"projectName":"/dev/null/inferredProject1*","fileNames":["/home/ts/.emacs.d/.cache/lsp/npm/typescript/lib/node_modules/typescript/lib/lib.es5.d.ts","/home/ts/.emacs.d/.cache/lsp/npm/typescript/lib/node_modules/typescript/lib/lib.es2015.d.ts","/home/ts/.emacs.d/.cache/lsp/npm/typescript/lib/node_modules/typescript/lib/lib.es2016.d.ts","/home/ts/.emacs.d/.cache/lsp/npm/typescript/lib/node_modules/typescript/lib/lib.dom.d.ts","/home/ts/.emacs.d/.cache/lsp/npm/typescript/lib/node_modules/typescript/lib/lib.dom.iterable.d.ts","/home/ts/.emacs.d/.cache/lsp/npm/typescript/lib/node_modules/typescript/lib/lib.webworker.importscripts.d.ts","/home/ts/.emacs.d/.cache/lsp/npm/typescript/lib/node_modules/typescript/lib/lib.scripthost.d.ts","/home/ts/.emacs.d/.cache/lsp/npm/typescript/lib/node_modules/typescript/lib/lib.es2015.core.d.ts","/home/ts/.emacs.d/.cache/lsp/npm/typescript/lib/node_modules/typescript/lib/lib.es2015.collection.d.ts","/home/ts/.emacs.d/.cache/lsp/npm/typescript/lib/node_modules/typescript/lib/lib.es2015.generator.d.ts","/home/ts/.emacs.d/.cache/lsp/npm/typescript/lib/node_modules/typescript/lib/lib.es2015.iterable.d.ts","/home/ts/.emacs.d/.cache/lsp/npm/typescript/lib/node_modules/typescript/lib/lib.es2015.promise.d.ts","/home/ts/.emacs.d/.cache/lsp/npm/typescript/lib/node_modules/typescript/lib/lib.es2015.proxy.d.ts","/home/ts/.emacs.d/.cache/lsp/npm/typescript/lib/node_modules/typescript/lib/lib.es2015.reflect.d.ts","/home/ts/.emacs.d/.cache/lsp/npm/typescript/lib/node_modules/typescript/lib/lib.es2015.symbol.d.ts","/home/ts/.emacs.d/.cache/lsp/npm/typescript/lib/node_modules/typescript/lib/lib.es2015.symbol.wellknown.d.ts","/home/ts/.emacs.d/.cache/lsp/npm/typescript/lib/node_modules/typescript/lib/lib.es2016.array.include.d.ts","/home/ts/.emacs.d/.cache/lsp/npm/typescript/lib/node_modules/typescript/lib/lib.es2016.full.d.ts","/home/ts/projects/cpptest/implementation/compile_commands.json"],"compilerOptions":{"module":1,"target":3,"jsx":1,"allowJs":true,"allowSyntheticDefaultImports":true,"allowNonTsExtensions":true,"noEmitForJsFiles":true},"typeAcquisition":{"enable":true,"include":[],"exclude":[]},"unresolvedImports":[],"projectRootPath":"/home/ts/projects/cpptest/implementation","kind":"discover"}
[09:33:00.546] Explicitly included types: []
[09:33:00.546] Inferred typings from unresolved imports: []
[09:33:00.546] Result: {"cachedTypingPaths":[],"newTypingNames":[],"filesToWatch":["/home/ts/projects/cpptest/implementation/bower_components","/home/ts/projects/cpptest/implementation/node_modules"]}
[09:33:00.546] Finished typings discovery: {"cachedTypingPaths":[],"newTypingNames":[],"filesToWatch":["/home/ts/projects/cpptest/implementation/bower_components","/home/ts/projects/cpptest/implementation/node_modules"]}
[09:33:00.547] Sending response:
    {"projectName":"/dev/null/inferredProject1*","typeAcquisition":{"enable":true,"include":[],"exclude":[]},"compilerOptions":{"module":1,"target":3,"jsx":1,"allowJs":true,"allowSyntheticDefaultImports":true,"allowNonTsExtensions":true,"noEmitForJsFiles":true},"typings":[],"unresolvedImports":[],"kind":"action::set"}
[09:33:00.547] Response has been sent.
[09:33:00.547] No new typings were requested as a result of typings discovery
[09:44:26.277] Got install request {"projectName":"/dev/null/inferredProject1*","fileNames":["/home/ts/.emacs.d/.cache/lsp/npm/typescript/lib/node_modules/typescript/lib/lib.es5.d.ts","/home/ts/.emacs.d/.cache/lsp/npm/typescript/lib/node_modules/typescript/lib/lib.es2015.d.ts","/home/ts/.emacs.d/.cache/lsp/npm/typescript/lib/node_modules/typescript/lib/lib.es2016.d.ts","/home/ts/.emacs.d/.cache/lsp/npm/typescript/lib/node_modules/typescript/lib/lib.dom.d.ts","/home/ts/.emacs.d/.cache/lsp/npm/typescript/lib/node_modules/typescript/lib/lib.dom.iterable.d.ts","/home/ts/.emacs.d/.cache/lsp/npm/typescript/lib/node_modules/typescript/lib/lib.webworker.importscripts.d.ts","/home/ts/.emacs.d/.cache/lsp/npm/typescript/lib/node_modules/typescript/lib/lib.scripthost.d.ts","/home/ts/.emacs.d/.cache/lsp/npm/typescript/lib/node_modules/typescript/lib/lib.es2015.core.d.ts","/home/ts/.emacs.d/.cache/lsp/npm/typescript/lib/node_modules/typescript/lib/lib.es2015.collection.d.ts","/home/ts/.emacs.d/.cache/lsp/npm/typescript/lib/node_modules/typescript/lib/lib.es2015.generator.d.ts","/home/ts/.emacs.d/.cache/lsp/npm/typescript/lib/node_modules/typescript/lib/lib.es2015.iterable.d.ts","/home/ts/.emacs.d/.cache/lsp/npm/typescript/lib/node_modules/typescript/lib/lib.es2015.promise.d.ts","/home/ts/.emacs.d/.cache/lsp/npm/typescript/lib/node_modules/typescript/lib/lib.es2015.proxy.d.ts","/home/ts/.emacs.d/.cache/lsp/npm/typescript/lib/node_modules/typescript/lib/lib.es2015.reflect.d.ts","/home/ts/.emacs.d/.cache/lsp/npm/typescript/lib/node_modules/typescript/lib/lib.es2015.symbol.d.ts","/home/ts/.emacs.d/.cache/lsp/npm/typescript/lib/node_modules/typescript/lib/lib.es2015.symbol.wellknown.d.ts","/home/ts/.emacs.d/.cache/lsp/npm/typescript/lib/node_modules/typescript/lib/lib.es2016.array.include.d.ts","/home/ts/.emacs.d/.cache/lsp/npm/typescript/lib/node_modules/typescript/lib/lib.es2016.full.d.ts","/home/ts/projects/cpptest/implementation/commands.json"],"compilerOptions":{"module":1,"target":3,"jsx":1,"allowJs":true,"allowSyntheticDefaultImports":true,"allowNonTsExtensions":true,"noEmitForJsFiles":true},"typeAcquisition":{"enable":true,"include":[],"exclude":[]},"unresolvedImports":[],"projectRootPath":"/home/ts/projects/cpptest/implementation","kind":"discover"}
[09:44:26.278] Explicitly included types: []
[09:44:26.278] Inferred typings from unresolved imports: []
[09:44:26.278] Result: {"cachedTypingPaths":[],"newTypingNames":[],"filesToWatch":["/home/ts/projects/cpptest/implementation/bower_components","/home/ts/projects/cpptest/implementation/node_modules"]}
[09:44:26.278] Finished typings discovery: {"cachedTypingPaths":[],"newTypingNames":[],"filesToWatch":["/home/ts/projects/cpptest/implementation/bower_components","/home/ts/projects/cpptest/implementation/node_modules"]}
[09:44:26.278] Sending response:
    {"projectName":"/dev/null/inferredProject1*","typeAcquisition":{"enable":true,"include":[],"exclude":[]},"compilerOptions":{"module":1,"target":3,"jsx":1,"allowJs":true,"allowSyntheticDefaultImports":true,"allowNonTsExtensions":true,"noEmitForJsFiles":true},"typings":[],"unresolvedImports":[],"kind":"action::set"}
[09:44:26.278] Response has been sent.
[09:44:26.278] No new typings were requested as a result of typings discovery
[09:45:19.639] Got install request {"projectName":"/dev/null/inferredProject1*","fileNames":["/home/ts/.emacs.d/.cache/lsp/npm/typescript/lib/node_modules/typescript/lib/lib.es5.d.ts","/home/ts/.emacs.d/.cache/lsp/npm/typescript/lib/node_modules/typescript/lib/lib.es2015.d.ts","/home/ts/.emacs.d/.cache/lsp/npm/typescript/lib/node_modules/typescript/lib/lib.es2016.d.ts","/home/ts/.emacs.d/.cache/lsp/npm/typescript/lib/node_modules/typescript/lib/lib.dom.d.ts","/home/ts/.emacs.d/.cache/lsp/npm/typescript/lib/node_modules/typescript/lib/lib.dom.iterable.d.ts","/home/ts/.emacs.d/.cache/lsp/npm/typescript/lib/node_modules/typescript/lib/lib.webworker.importscripts.d.ts","/home/ts/.emacs.d/.cache/lsp/npm/typescript/lib/node_modules/typescript/lib/lib.scripthost.d.ts","/home/ts/.emacs.d/.cache/lsp/npm/typescript/lib/node_modules/typescript/lib/lib.es2015.core.d.ts","/home/ts/.emacs.d/.cache/lsp/npm/typescript/lib/node_modules/typescript/lib/lib.es2015.collection.d.ts","/home/ts/.emacs.d/.cache/lsp/npm/typescript/lib/node_modules/typescript/lib/lib.es2015.generator.d.ts","/home/ts/.emacs.d/.cache/lsp/npm/typescript/lib/node_modules/typescript/lib/lib.es2015.iterable.d.ts","/home/ts/.emacs.d/.cache/lsp/npm/typescript/lib/node_modules/typescript/lib/lib.es2015.promise.d.ts","/home/ts/.emacs.d/.cache/lsp/npm/typescript/lib/node_modules/typescript/lib/lib.es2015.proxy.d.ts","/home/ts/.emacs.d/.cache/lsp/npm/typescript/lib/node_modules/typescript/lib/lib.es2015.reflect.d.ts","/home/ts/.emacs.d/.cache/lsp/npm/typescript/lib/node_modules/typescript/lib/lib.es2015.symbol.d.ts","/home/ts/.emacs.d/.cache/lsp/npm/typescript/lib/node_modules/typescript/lib/lib.es2015.symbol.wellknown.d.ts","/home/ts/.emacs.d/.cache/lsp/npm/typescript/lib/node_modules/typescript/lib/lib.es2016.array.include.d.ts","/home/ts/.emacs.d/.cache/lsp/npm/typescript/lib/node_modules/typescript/lib/lib.es2016.full.d.ts","/home/ts/projects/cpptest/implementation/commands.json"],"compilerOptions":{"module":1,"target":3,"jsx":1,"allowJs":true,"allowSyntheticDefaultImports":true,"allowNonTsExtensions":true,"noEmitForJsFiles":true},"typeAcquisition":{"enable":true,"include":[],"exclude":[]},"unresolvedImports":[],"projectRootPath":"/home/ts/projects/cpptest/implementation","kind":"discover"}
[09:45:19.639] Explicitly included types: []
[09:45:19.639] Inferred typings from unresolved imports: []
[09:45:19.640] Result: {"cachedTypingPaths":[],"newTypingNames":[],"filesToWatch":["/home/ts/projects/cpptest/implementation/bower_components","/home/ts/projects/cpptest/implementation/node_modules"]}
[09:45:19.640] Finished typings discovery: {"cachedTypingPaths":[],"newTypingNames":[],"filesToWatch":["/home/ts/projects/cpptest/implementation/bower_components","/home/ts/projects/cpptest/implementation/node_modules"]}
[09:45:19.640] Sending response:
    {"projectName":"/dev/null/inferredProject1*","typeAcquisition":{"enable":true,"include":[],"exclude":[]},"compilerOptions":{"module":1,"target":3,"jsx":1,"allowJs":true,"allowSyntheticDefaultImports":true,"allowNonTsExtensions":true,"noEmitForJsFiles":true},"typings":[],"unresolvedImports":[],"kind":"action::set"}
[09:45:19.640] Response has been sent.
[09:45:19.640] No new typings were requested as a result of typings discovery
